smash> smash> smash> smash> smash> smash> smash> smash> [1] sleep 100& : 20422 1 secs
[2] sleep 200& : 20423 1 secs
[3] sleep 300& : 20424 0 secs
[4] sleep 400& : 20425 0 secs
[5] sleep 20& : 20426 0 secs
[6] sleep 600& : 20427 0 secs
[7] sleep 700& : 20428 0 secs
smash> smash> smash> [1] sleep 100& : 20422 1 secs
[2] sleep 200& : 20423 1 secs
[3] sleep 300& : 20424 0 secs
[4] sleep 400& : 20425 0 secs
[5] sleep 20& : 20426 0 secs
[6] sleep 600& : 20427 0 secs
[7] sleep 700& : 20428 0 secs
[8] sleep 800& : 20429 0 secs
[9] sleep 900& : 20430 0 secs
smash> signal number 9 was sent to pid 20424
smash> [1] sleep 100& : 20422 2 secs
[2] sleep 200& : 20423 2 secs
[4] sleep 400& : 20425 1 secs
[5] sleep 20& : 20426 1 secs
[6] sleep 600& : 20427 1 secs
[7] sleep 700& : 20428 1 secs
[8] sleep 800& : 20429 1 secs
[9] sleep 900& : 20430 1 secs
smash> smash> [1] sleep 100& : 20422 2 secs
[2] sleep 200& : 20423 2 secs
[4] sleep 400& : 20425 1 secs
[5] sleep 20& : 20426 1 secs
[6] sleep 600& : 20427 1 secs
[7] sleep 700& : 20428 1 secs
[8] sleep 800& : 20429 1 secs
[9] sleep 900& : 20430 1 secs
[10] sleep 1000& : 20431 0 secs
smash> signal number 9 was sent to pid 20431
smash> [1] sleep 100& : 20422 2 secs
[2] sleep 200& : 20423 2 secs
[4] sleep 400& : 20425 1 secs
[5] sleep 20& : 20426 1 secs
[6] sleep 600& : 20427 1 secs
[7] sleep 700& : 20428 1 secs
[8] sleep 800& : 20429 1 secs
[9] sleep 900& : 20430 1 secs
smash> smash> [1] sleep 100& : 20422 2 secs
[2] sleep 200& : 20423 2 secs
[4] sleep 400& : 20425 1 secs
[5] sleep 20& : 20426 1 secs
[6] sleep 600& : 20427 1 secs
[7] sleep 700& : 20428 1 secs
[8] sleep 800& : 20429 1 secs
[9] sleep 900& : 20430 1 secs
[10] sleep 1001& : 20432 0 secs
smash> sleep 1001& : 20432
smash: got ctrl-Z
smash: process 20432 was stopped
smash> [1] sleep 100& : 20422 2 secs
[2] sleep 200& : 20423 2 secs
[4] sleep 400& : 20425 1 secs
[5] sleep 20& : 20426 1 secs
[6] sleep 600& : 20427 1 secs
[7] sleep 700& : 20428 1 secs
[8] sleep 800& : 20429 1 secs
[9] sleep 900& : 20430 1 secs
[10] sleep 1001& : 20432 0 secs (stopped)
smash> sleep 1001& : 20432
smash: got ctrl-Z
smash: process 20432 was stopped
smash> [1] sleep 100& : 20422 3 secs
[2] sleep 200& : 20423 3 secs
[4] sleep 400& : 20425 2 secs
[5] sleep 20& : 20426 2 secs
[6] sleep 600& : 20427 2 secs
[7] sleep 700& : 20428 2 secs
[8] sleep 800& : 20429 2 secs
[9] sleep 900& : 20430 2 secs
[10] sleep 1001& : 20432 0 secs (stopped)
smash> sleep 1001& : 20432
smash: got ctrl-Z
smash: process 20432 was stopped
smash> [1] sleep 100& : 20422 3 secs
[2] sleep 200& : 20423 3 secs
[4] sleep 400& : 20425 2 secs
[5] sleep 20& : 20426 2 secs
[6] sleep 600& : 20427 2 secs
[7] sleep 700& : 20428 2 secs
[8] sleep 800& : 20429 2 secs
[9] sleep 900& : 20430 2 secs
[10] sleep 1001& : 20432 0 secs (stopped)
smash> sleep 1001& : 20432
smash: got ctrl-Z
smash: process 20432 was stopped
smash> [1] sleep 100& : 20422 3 secs
[2] sleep 200& : 20423 3 secs
[4] sleep 400& : 20425 2 secs
[5] sleep 20& : 20426 2 secs
[6] sleep 600& : 20427 2 secs
[7] sleep 700& : 20428 2 secs
[8] sleep 800& : 20429 2 secs
[9] sleep 900& : 20430 2 secs
[10] sleep 1001& : 20432 0 secs (stopped)
smash> smash: got ctrl-C
[1] sleep 100& : 20422 4 secs
[2] sleep 200& : 20423 4 secs
[4] sleep 400& : 20425 3 secs
[5] sleep 20& : 20426 3 secs
[6] sleep 600& : 20427 3 secs
[7] sleep 700& : 20428 3 secs
[8] sleep 800& : 20429 3 secs
[9] sleep 900& : 20430 3 secs
[10] sleep 1001& : 20432 1 secs (stopped)
smash> smash: got ctrl-Z
smash: process 20433 was stopped
smash> [1] sleep 100& : 20422 7 secs
[2] sleep 200& : 20423 7 secs
[4] sleep 400& : 20425 6 secs
[5] sleep 20& : 20426 6 secs
[6] sleep 600& : 20427 6 secs
[7] sleep 700& : 20428 6 secs
[8] sleep 800& : 20429 6 secs
[9] sleep 900& : 20430 6 secs
[10] sleep 1001& : 20432 4 secs (stopped)
[11] sleep 1002 : 20433 0 secs (stopped)
smash> sleep 1002 : 20433
smash> [1] sleep 100& : 20422 7 secs
[2] sleep 200& : 20423 7 secs
[4] sleep 400& : 20425 6 secs
[5] sleep 20& : 20426 6 secs
[6] sleep 600& : 20427 6 secs
[7] sleep 700& : 20428 6 secs
[8] sleep 800& : 20429 6 secs
[9] sleep 900& : 20430 6 secs
[10] sleep 1001& : 20432 4 secs (stopped)
[11] sleep 1002 : 20433 0 secs
smash> smash: got ctrl-C
smash: process 20434 was killed
smash> smash> smash: got ctrl-C
smash: got ctrl-C
smash: got ctrl-Z
smash: got ctrl-Z
[1] sleep 100& : 20422 13 secs
[2] sleep 200& : 20423 13 secs
[4] sleep 400& : 20425 12 secs
[5] sleep 20& : 20426 12 secs
[6] sleep 600& : 20427 12 secs
[7] sleep 700& : 20428 12 secs
[8] sleep 800& : 20429 12 secs
[9] sleep 900& : 20430 12 secs
[10] sleep 1001& : 20432 10 secs (stopped)
[11] sleep 1002 : 20433 6 secs
smash> smash: got ctrl-Z
smash: process 20439 was stopped
smash> smash: got ctrl-Z
smash: process 20440 was stopped
smash> smash: got ctrl-Z
smash: process 20441 was stopped
smash> sleep 1100 : 20439
smash: got ctrl-Z
smash: process 20439 was stopped
smash> sleep 1100 : 20439
smash: got ctrl-Z
smash: process 20439 was stopped
smash> sleep 1100 : 20439
smash: got ctrl-Z
smash: process 20439 was stopped
smash> [1] sleep 100& : 20422 14 secs
[2] sleep 200& : 20423 14 secs
[4] sleep 400& : 20425 13 secs
[5] sleep 20& : 20426 13 secs
[6] sleep 600& : 20427 13 secs
[7] sleep 700& : 20428 13 secs
[8] sleep 800& : 20429 13 secs
[9] sleep 900& : 20430 13 secs
[10] sleep 1001& : 20432 11 secs (stopped)
[11] sleep 1002 : 20433 7 secs
[12] sleep 1100 : 20439 0 secs (stopped)
[13] sleep 1200 : 20440 0 secs (stopped)
[14] sleep 1200 : 20441 0 secs (stopped)
smash> sleep 1002 : 20433
smash: got ctrl-Z
smash: process 20433 was stopped
smash> sleep 1002 : 20433
smash: got ctrl-C
smash: process 20433 was killed
smash> smash error: fg: job-id 20 does not exist
smash> smash error: fg: job-id 21 does not exist
smash> smash error: fg: job-id -2 does not exist
smash> [1] sleep 100& : 20422 15 secs
[2] sleep 200& : 20423 15 secs
[4] sleep 400& : 20425 14 secs
[5] sleep 20& : 20426 14 secs
[6] sleep 600& : 20427 14 secs
[7] sleep 700& : 20428 14 secs
[8] sleep 800& : 20429 14 secs
[9] sleep 900& : 20430 14 secs
[10] sleep 1001& : 20432 12 secs (stopped)
[12] sleep 1100 : 20439 1 secs (stopped)
[13] sleep 1200 : 20440 1 secs (stopped)
[14] sleep 1200 : 20441 1 secs (stopped)
smash> sleep 1100 : 20439
smash> smash error: bg: job-id 20 does not exist
smash> smash error: bg: job-id -1 does not exist
smash> [1] sleep 100& : 20422 16 secs
[2] sleep 200& : 20423 16 secs
[4] sleep 400& : 20425 15 secs
[5] sleep 20& : 20426 15 secs
[6] sleep 600& : 20427 15 secs
[7] sleep 700& : 20428 15 secs
[8] sleep 800& : 20429 15 secs
[9] sleep 900& : 20430 15 secs
[10] sleep 1001& : 20432 13 secs (stopped)
[12] sleep 1100 : 20439 2 secs
[13] sleep 1200 : 20440 2 secs (stopped)
[14] sleep 1200 : 20441 2 secs (stopped)
smash> smash error: bg: job-id 7 is already running in the background
smash> smash error: bg: job-id 8 is already running in the background
smash> [1] sleep 100& : 20422 16 secs
[2] sleep 200& : 20423 16 secs
[4] sleep 400& : 20425 15 secs
[5] sleep 20& : 20426 15 secs
[6] sleep 600& : 20427 15 secs
[7] sleep 700& : 20428 15 secs
[8] sleep 800& : 20429 15 secs
[9] sleep 900& : 20430 15 secs
[10] sleep 1001& : 20432 13 secs (stopped)
[12] sleep 1100 : 20439 2 secs
[13] sleep 1200 : 20440 2 secs (stopped)
[14] sleep 1200 : 20441 2 secs (stopped)
smash> signal number 9 was sent to pid 20422
smash> smash error: kill: job-id 1 does not exist
smash> [2] sleep 200& : 20423 18 secs
[4] sleep 400& : 20425 17 secs
[5] sleep 20& : 20426 17 secs
[6] sleep 600& : 20427 17 secs
[7] sleep 700& : 20428 17 secs
[8] sleep 800& : 20429 17 secs
[9] sleep 900& : 20430 17 secs
[10] sleep 1001& : 20432 15 secs (stopped)
[12] sleep 1100 : 20439 4 secs
[13] sleep 1200 : 20440 4 secs (stopped)
[14] sleep 1200 : 20441 4 secs (stopped)
smash> signal number 9 was sent to pid 20423
smash> signal number 9 was sent to pid 20425
smash> smash error: fg: job-id 4 does not exist
smash> smash error: bg: job-id 2 does not exist
smash> smash error: fg: job-id 1 does not exist
smash> [5] sleep 20& : 20426 17 secs
[6] sleep 600& : 20427 17 secs
[7] sleep 700& : 20428 17 secs
[8] sleep 800& : 20429 17 secs
[9] sleep 900& : 20430 17 secs
[10] sleep 1001& : 20432 15 secs (stopped)
[12] sleep 1100 : 20439 4 secs
[13] sleep 1200 : 20440 4 secs (stopped)
[14] sleep 1200 : 20441 4 secs (stopped)
smash> smash> [5] sleep 20& : 20426 18 secs
[6] sleep 600& : 20427 18 secs
[7] sleep 700& : 20428 18 secs
[8] sleep 800& : 20429 18 secs
[9] sleep 900& : 20430 18 secs
[10] sleep 1001& : 20432 16 secs (stopped)
[12] sleep 1100 : 20439 5 secs
[13] sleep 1200 : 20440 5 secs (stopped)
[14] sleep 1200 : 20441 5 secs (stopped)
[15] sleep 3& : 20442 1 secs
smash> [6] sleep 600& : 20427 23 secs
[7] sleep 700& : 20428 23 secs
[8] sleep 800& : 20429 23 secs
[9] sleep 900& : 20430 23 secs
[10] sleep 1001& : 20432 21 secs (stopped)
[12] sleep 1100 : 20439 10 secs
[13] sleep 1200 : 20440 10 secs (stopped)
[14] sleep 1200 : 20441 10 secs (stopped)
smash> [6] sleep 600& : 20427 23 secs
[7] sleep 700& : 20428 23 secs
[8] sleep 800& : 20429 23 secs
[9] sleep 900& : 20430 23 secs
[10] sleep 1001& : 20432 21 secs (stopped)
[12] sleep 1100 : 20439 10 secs
[13] sleep 1200 : 20440 10 secs (stopped)
[14] sleep 1200 : 20441 10 secs (stopped)
smash> [6] sleep 600& : 20427 23 secs
[7] sleep 700& : 20428 23 secs
[8] sleep 800& : 20429 23 secs
[9] sleep 900& : 20430 23 secs
[10] sleep 1001& : 20432 21 secs (stopped)
[12] sleep 1100 : 20439 10 secs
[13] sleep 1200 : 20440 10 secs (stopped)
[14] sleep 1200 : 20441 10 secs (stopped)
smash> [6] sleep 600& : 20427 33 secs
[7] sleep 700& : 20428 33 secs
[8] sleep 800& : 20429 33 secs
[9] sleep 900& : 20430 33 secs
[10] sleep 1001& : 20432 31 secs (stopped)
[12] sleep 1100 : 20439 20 secs
[13] sleep 1200 : 20440 20 secs (stopped)
[14] sleep 1200 : 20441 20 secs (stopped)
smash> sleep 1200 : 20441
smash: got ctrl-Z
smash: process 20441 was stopped
smash> [6] sleep 600& : 20427 33 secs
[7] sleep 700& : 20428 33 secs
[8] sleep 800& : 20429 33 secs
[9] sleep 900& : 20430 33 secs
[10] sleep 1001& : 20432 31 secs (stopped)
[12] sleep 1100 : 20439 20 secs
[13] sleep 1200 : 20440 20 secs (stopped)
[14] sleep 1200 : 20441 0 secs (stopped)
smash> sleep 1200 : 20441
smash: got ctrl-Z
smash: process 20441 was stopped
smash> [6] sleep 600& : 20427 34 secs
[7] sleep 700& : 20428 34 secs
[8] sleep 800& : 20429 34 secs
[9] sleep 900& : 20430 34 secs
[10] sleep 1001& : 20432 32 secs (stopped)
[12] sleep 1100 : 20439 21 secs
[13] sleep 1200 : 20440 21 secs (stopped)
[14] sleep 1200 : 20441 0 secs (stopped)
smash> sleep 1200 : 20441
smash: got ctrl-Z
smash: process 20441 was stopped
smash> [6] sleep 600& : 20427 34 secs
[7] sleep 700& : 20428 34 secs
[8] sleep 800& : 20429 34 secs
[9] sleep 900& : 20430 34 secs
[10] sleep 1001& : 20432 32 secs (stopped)
[12] sleep 1100 : 20439 21 secs
[13] sleep 1200 : 20440 21 secs (stopped)
[14] sleep 1200 : 20441 0 secs (stopped)
smash> smash> [6] sleep 600& : 20427 34 secs
[7] sleep 700& : 20428 34 secs
[8] sleep 800& : 20429 34 secs
[9] sleep 900& : 20430 34 secs
[10] sleep 1001& : 20432 32 secs (stopped)
[12] sleep 1100 : 20439 21 secs
[13] sleep 1200 : 20440 21 secs (stopped)
[14] sleep 1200 : 20441 0 secs (stopped)
[15] sleep 777& : 20443 0 secs
smash> smash: got ctrl-C
smash: process 20444 was killed
smash> smash: got ctrl-Z
smash: process 20445 was stopped
smash> sleep 888 : 20445
smash> [6] sleep 600& : 20427 35 secs
[7] sleep 700& : 20428 35 secs
[8] sleep 800& : 20429 35 secs
[9] sleep 900& : 20430 35 secs
[10] sleep 1001& : 20432 33 secs (stopped)
[12] sleep 1100 : 20439 22 secs
[13] sleep 1200 : 20440 22 secs (stopped)
[14] sleep 1200 : 20441 1 secs (stopped)
[15] sleep 777& : 20443 1 secs
[16] sleep 888 : 20445 0 secs
smash> smash: sending SIGKILL signal to 10 jobs:
20427: sleep 600&
20428: sleep 700&
20429: sleep 800&
20430: sleep 900&
20432: sleep 1001&
20439: sleep 1100
20440: sleep 1200
20441: sleep 1200
20443: sleep 777&
20445: sleep 888
