smash> my_sleep
random1.txt
ransmash> look here
smash> /bin/bash: not_real_command: command not found
smash> smash> smash> smash: got ctrl-C
smash: process 20665 was killed
smash> smash> smash: got ctrl-C
smash: process 20678 was killed
smash> smash> smash> [1] sleep 2 | sleep 4 & : 20691 0 secs
smash> [1] sleep 2 | sleep 4 & : 20691 1 secs
smash> [1] sleep 2 | sleep 4 & : 20691 4 secs
smash> smash> smash> [1] sleep 4 | sleep 2 & : 20698 0 secs
smash> [1] sleep 4 | sleep 2 & : 20698 1 secs
smash> [1] sleep 4 | sleep 2 & : 20698 4 secs
smash> smash> smash> my_sleep
random1.txt
random2.txt
sub1
sub2
sub3
smash> 
smash> smash: got ctrl-Z

smash: got ctrl-C
smash: process 20728 was killed
smash> smash> 
[1] ./my_sleep 8 | echo & : 20734 0 secs
smash> smash> smash> 
[1] ./my_sleep 8 | echo & : 20741 0 secs
smash> smash: got ctrl-C
[1] ./my_sleep 8 | echo & : 20741 6 secs
smash> signal number 9 was sent to pid 20741
smash> smash> smash pid issmash> /tmp/smash_tsmash> smash> smash> signal number 9 was sent to pid 20766
smash> smash error: kill: job-id 2 does not exist
smash> smash error: kill: job-id 3 does not exist
smash> smash error: kill: job-id 4 does not exist
smash> smash error: kill: job-id 5 does not exist
smash> smash error: kill: job-id 6 does not exist
smash> smash> 
smash> smash> smash> signal number 9 was sent to pid 20776
smash> smash> smash> 
./my_sleep 8 | echo & : 20783
smash: got ctrl-Z
smash: process 20783 was stopped
smash> ./my_sleep 8 | echo & : 20783
smash: got ctrl-C
smash: process 20783 was killed
smash> smash> 
smash: got ctrl-Z
smash: process 20789 was stopped
smash> ./my_sleep 4 | echo : 20789
smash> smash> r directory
smash> r directory
smash> PWD not set
smash> y arguments
smash> s not exist
smash> d arguments
smash> d arguments
smash> d not found
smash> smash> st is empty
smash> s not exist
smash> d arguments
smash> smash: sending SIGKILL signal to 0 jobs:
